<?xml version="1.0" encoding="UTF-8"?>
<robot generator="Robot 7.0.1 (Python 3.12.4 on win32)" generated="2024-08-18T21:39:44.824196" rpa="false" schemaversion="5">
<suite id="s1" name="BasicSearch" source="D:\programming-new\robotfwtutorial\Tests\eBay\BasicSearch.robot">
<test id="s1-t1" name="Verify basic search functionality for eBay" line="15">
<kw name="Start TestCase" owner="CommonFunctionality" type="SETUP">
<kw name="Open Browser" owner="SeleniumLibrary">
<msg time="2024-08-18T21:39:45.108913" level="INFO">Opening browser 'chrome' to base url 'https://www.ebay.com'.</msg>
<arg>https://www.ebay.com</arg>
<arg>chrome</arg>
<doc>Opens a new browser instance to the optional ``url``.</doc>
<status status="PASS" start="2024-08-18T21:39:45.107916" elapsed="14.298002"/>
</kw>
<kw name="Maximize Browser Window" owner="SeleniumLibrary">
<doc>Maximizes current browser window.</doc>
<status status="PASS" start="2024-08-18T21:39:59.405918" elapsed="0.069973"/>
</kw>
<status status="PASS" start="2024-08-18T21:39:45.107916" elapsed="14.367975"/>
</kw>
<kw name="Input Search Text and Click Search" owner="HeaderPage">
<kw name="Input Text" owner="SeleniumLibrary">
<msg time="2024-08-18T21:39:59.477397" level="INFO">Typing text 'robot' into text field 'xpath://*[@id="gh-ac"]'.</msg>
<arg>xpath://*[@id="gh-ac"]</arg>
<arg>${search_text}</arg>
<doc>Types the given ``text`` into the text field identified by ``locator``.</doc>
<status status="PASS" start="2024-08-18T21:39:59.477397" elapsed="0.209597"/>
</kw>
<kw name="Press Keys" owner="SeleniumLibrary">
<msg time="2024-08-18T21:39:59.686994" level="INFO">Sending key(s) ('RETURN',) to xpath://*[@id="gh-btn"] element.</msg>
<msg time="2024-08-18T21:40:02.874737" level="INFO">Pressing special key RETURN to element.</msg>
<msg time="2024-08-18T21:40:02.874737" level="INFO">Releasing special key RETURN.</msg>
<arg>xpath://*[@id="gh-btn"]</arg>
<arg>RETURN</arg>
<doc>Simulates the user pressing key(s) to an element or on the active browser.</doc>
<status status="PASS" start="2024-08-18T21:39:59.686994" elapsed="3.210060"/>
</kw>
<status status="PASS" start="2024-08-18T21:39:59.476888" elapsed="3.420166"/>
</kw>
<kw name="Verify Search Results" owner="SearchResultsPage">
<kw name="Page Should Contain" owner="SeleniumLibrary">
<msg time="2024-08-18T21:40:02.929206" level="INFO">Current page contains text 'results for robot'.</msg>
<arg>${search_result} ${search_text}</arg>
<doc>Verifies that current page contains ``text``.</doc>
<status status="PASS" start="2024-08-18T21:40:02.898057" elapsed="0.032062"/>
</kw>
<status status="PASS" start="2024-08-18T21:40:02.898057" elapsed="0.032062"/>
</kw>
<kw name="Finish TestCase" owner="CommonFunctionality" type="TEARDOWN">
<kw name="Close Browser" owner="SeleniumLibrary">
<doc>Closes the current browser.</doc>
<status status="PASS" start="2024-08-18T21:40:02.931625" elapsed="2.584448"/>
</kw>
<status status="PASS" start="2024-08-18T21:40:02.931119" elapsed="2.584954"/>
</kw>
<doc>This test case verify the basic search</doc>
<tag>Functional</tag>
<status status="PASS" start="2024-08-18T21:39:45.106912" elapsed="20.409161"/>
</test>
<test id="s1-t2" name="Verify advanced search functionality" line="22">
<kw name="Start TestCase" owner="CommonFunctionality" type="SETUP">
<kw name="Open Browser" owner="SeleniumLibrary">
<msg time="2024-08-18T21:40:05.517501" level="INFO">Opening browser 'chrome' to base url 'https://www.ebay.com'.</msg>
<arg>https://www.ebay.com</arg>
<arg>chrome</arg>
<doc>Opens a new browser instance to the optional ``url``.</doc>
<status status="PASS" start="2024-08-18T21:40:05.517501" elapsed="3.231103"/>
</kw>
<kw name="Maximize Browser Window" owner="SeleniumLibrary">
<doc>Maximizes current browser window.</doc>
<status status="PASS" start="2024-08-18T21:40:08.748604" elapsed="0.052835"/>
</kw>
<status status="PASS" start="2024-08-18T21:40:05.517501" elapsed="3.283938"/>
</kw>
<kw name="Click on Advanced Search Link" owner="HeaderPage">
<kw name="Click Element" owner="SeleniumLibrary">
<msg time="2024-08-18T21:40:08.803454" level="INFO">Clicking element '//*[@id="gh-as-a"]'.</msg>
<arg>//*[@id="gh-as-a"]</arg>
<doc>Click the element identified by ``locator``.</doc>
<status status="PASS" start="2024-08-18T21:40:08.802448" elapsed="1.091952"/>
</kw>
<status status="PASS" start="2024-08-18T21:40:08.802448" elapsed="1.091952"/>
</kw>
<kw name="Finish TestCase" owner="CommonFunctionality" type="TEARDOWN">
<kw name="Close Browser" owner="SeleniumLibrary">
<doc>Closes the current browser.</doc>
<status status="PASS" start="2024-08-18T21:40:09.896441" elapsed="2.274714"/>
</kw>
<status status="PASS" start="2024-08-18T21:40:09.895409" elapsed="2.275746"/>
</kw>
<doc>This test case verify the advanced search</doc>
<tag>Functional</tag>
<status status="PASS" start="2024-08-18T21:40:05.516073" elapsed="6.656027"/>
</test>
<doc>Basic Search Functionality</doc>
<status status="PASS" start="2024-08-18T21:39:44.826196" elapsed="27.346886"/>
</suite>
<statistics>
<total>
<stat pass="2" fail="0" skip="0">All Tests</stat>
</total>
<tag>
<stat pass="2" fail="0" skip="0">Functional</stat>
</tag>
<suite>
<stat pass="2" fail="0" skip="0" id="s1" name="BasicSearch">BasicSearch</stat>
</suite>
</statistics>
<errors>
</errors>
</robot>
