<?xml version="1.0" encoding="UTF-8"?>
<robot generator="Robot 7.0.1 (Python 3.12.4 on win32)" generated="2024-08-17T19:59:25.644652" rpa="false" schemaversion="5">
<suite id="s1" name="BasicSearch" source="D:\programming-new\robotfwtutorial\Tests\eBay\BasicSearch.robot">
<test id="s1-t1" name="Verify basic search functionality for eBay" line="11">
<kw name="Start TestCase" owner="CommonFunctionality">
<kw name="Open Browser" owner="SeleniumLibrary">
<msg time="2024-08-17T19:59:25.902651" level="INFO">Opening browser 'chrome' to base url 'https://www.ebay.com'.</msg>
<arg>https://www.ebay.com</arg>
<arg>chrome</arg>
<doc>Opens a new browser instance to the optional ``url``.</doc>
<status status="PASS" start="2024-08-17T19:59:25.902651" elapsed="3.700385"/>
</kw>
<kw name="Maximize Browser Window" owner="SeleniumLibrary">
<doc>Maximizes current browser window.</doc>
<status status="PASS" start="2024-08-17T19:59:29.603036" elapsed="0.054204"/>
</kw>
<status status="PASS" start="2024-08-17T19:59:25.901645" elapsed="3.755595"/>
</kw>
<kw name="Verify Search Results" owner="eBay_UserDefinedKeywords">
<kw name="Input Text" owner="SeleniumLibrary">
<msg time="2024-08-17T19:59:29.659765" level="INFO">Typing text 'mobile' into text field 'xpath://*[@id="gh-ac"]'.</msg>
<arg>xpath://*[@id="gh-ac"]</arg>
<arg>mobile</arg>
<doc>Types the given ``text`` into the text field identified by ``locator``.</doc>
<status status="PASS" start="2024-08-17T19:59:29.658822" elapsed="0.242189"/>
</kw>
<kw name="Press Keys" owner="SeleniumLibrary">
<msg time="2024-08-17T19:59:29.903021" level="INFO">Sending key(s) ('RETURN',) to xpath://*[@id="gh-btn"] element.</msg>
<msg time="2024-08-17T19:59:32.425175" level="INFO">Pressing special key RETURN to element.</msg>
<msg time="2024-08-17T19:59:32.425175" level="INFO">Releasing special key RETURN.</msg>
<arg>xpath://*[@id="gh-btn"]</arg>
<arg>RETURN</arg>
<doc>Simulates the user pressing key(s) to an element or on the active browser.</doc>
<status status="PASS" start="2024-08-17T19:59:29.901011" elapsed="2.657812"/>
</kw>
<kw name="Page Should Contain" owner="SeleniumLibrary">
<msg time="2024-08-17T19:59:33.300500" level="INFO" html="true">&lt;/td&gt;&lt;/tr&gt;&lt;tr&gt;&lt;td colspan="3"&gt;&lt;a href="selenium-screenshot-1.png"&gt;&lt;img src="selenium-screenshot-1.png" width="800px"&gt;&lt;/a&gt;</msg>
<msg time="2024-08-17T19:59:33.300500" level="FAIL">Page should have contained text 'results for mobileee' but did not.</msg>
<arg>results for mobileee</arg>
<doc>Verifies that current page contains ``text``.</doc>
<status status="FAIL" start="2024-08-17T19:59:32.559830" elapsed="0.744103">Page should have contained text 'results for mobileee' but did not.</status>
</kw>
<status status="FAIL" start="2024-08-17T19:59:29.658750" elapsed="3.645183">Page should have contained text 'results for mobileee' but did not.</status>
</kw>
<kw name="Filter results by condition" owner="eBay_UserDefinedKeywords">
<status status="NOT RUN" start="2024-08-17T19:59:33.322397" elapsed="0.000000"/>
</kw>
<kw name="Verify filter results" owner="eBay_UserDefinedKeywords">
<status status="NOT RUN" start="2024-08-17T19:59:33.324423" elapsed="0.000000"/>
</kw>
<kw name="Finish TestCase" owner="CommonFunctionality">
<status status="NOT RUN" start="2024-08-17T19:59:33.324423" elapsed="0.000000"/>
</kw>
<doc>This test case verify the basic search</doc>
<tag>Functional</tag>
<status status="FAIL" start="2024-08-17T19:59:25.900466" elapsed="7.427274">Page should have contained text 'results for mobileee' but did not.</status>
</test>
<doc>Basic Search Functionality</doc>
<status status="FAIL" start="2024-08-17T19:59:25.648048" elapsed="7.682304"/>
</suite>
<statistics>
<total>
<stat pass="0" fail="1" skip="0">All Tests</stat>
</total>
<tag>
<stat pass="0" fail="1" skip="0">Functional</stat>
</tag>
<suite>
<stat pass="0" fail="1" skip="0" id="s1" name="BasicSearch">BasicSearch</stat>
</suite>
</statistics>
<errors>
</errors>
</robot>
